2023.04.16 01:44:09 INFO  Started: Metals version 0.11.11 in workspace '/home/allam/RISCV-Core' for client Visual Studio Code 1.77.3.[0m
SLF4J: No SLF4J providers were found.
SLF4J: Defaulting to no-operation (NOP) logger implementation
SLF4J: See https://www.slf4j.org/codes.html#noProviders for further details.
SLF4J: Class path contains SLF4J bindings targeting slf4j-api versions 1.7.x or earlier.
SLF4J: Ignoring binding found at [jar:file:/home/allam/.cache/coursier/v1/https/repo1.maven.org/maven2/com/outr/scribe-slf4j_2.13/3.11.0/scribe-slf4j_2.13-3.11.0.jar!/org/slf4j/impl/StaticLoggerBinder.class]
SLF4J: See https://www.slf4j.org/codes.html#ignoredBindings for an explanation.
2023.04.16 01:44:10 INFO  time: initialize in 0.42s[0m
2023.04.16 01:44:11 WARN  Build server is not auto-connectable.[0m
2023.04.16 01:44:19 INFO  running '/usr/lib/jvm/java-11-openjdk-amd64/bin/java -Djline.terminal=jline.UnsupportedTerminal -Dsbt.log.noformat=true -Dfile.encoding=UTF-8 -Dsbt.version=1.8.2 -jar /tmp/metals597042836179561926/sbt-launch.jar -Dbloop.export-jar-classifiers=sources bloopInstall'[0m
2023.04.16 01:44:20 ERROR [info] [launcher] getting org.scala-sbt sbt 1.8.2  (this may take some time)...[0m
2023.04.16 01:44:20 WARN  no build target for: /home/allam/RISCV-Core/project/project/metals.sbt[0m
2023.04.16 01:44:20 INFO  skipping build import with status 'Started'[0m
2023.04.16 01:44:29 ERROR [info] [launcher] getting Scala 2.12.17 (for sbt)...[0m
2023.04.16 01:44:30 INFO  no build target found for /home/allam/RISCV-Core/project/project/metals.sbt. Using presentation compiler with project's scala-library version: 3.2.2[0m
2023.04.16 01:44:30 INFO  [info] Updated file /home/allam/RISCV-Core/project/build.properties: set sbt.version to 1.8.2[0m
2023.04.16 01:44:30 INFO  [info] welcome to sbt 1.8.2 (Ubuntu Java 11.0.18)[0m
2023.04.16 01:44:32 INFO  [info] loading settings for project riscv-core-build-build from metals.sbt ...[0m
2023.04.16 01:44:32 INFO  [info] loading project definition from /home/allam/RISCV-Core/project/project[0m
2023.04.16 01:44:35 INFO  [info] loading settings for project riscv-core-build from metals.sbt ...[0m
2023.04.16 01:44:35 INFO  [info] loading project definition from /home/allam/RISCV-Core/project[0m
2023.04.16 01:44:38 INFO  [success] Generated .bloop/riscv-core-build.json[0m
2023.04.16 01:44:38 INFO  [success] Total time: 3 s, completed Apr 16, 2023, 1:44:38 AM[0m
2023.04.16 01:44:39 ERROR /home/allam/RISCV-Core/build.sbt:12: warning: method sonatypeRepo in class ResolverFunctions is deprecated (since 1.7.0): Use sonatypeOssRepos instead e.g. `resolvers ++= Resolver.sonatypeOssRepos("snapshots")`[0m
2023.04.16 01:44:39 ERROR   Resolver.sonatypeRepo("snapshots"),[0m
2023.04.16 01:44:39 ERROR            ^[0m
2023.04.16 01:44:39 ERROR /home/allam/RISCV-Core/build.sbt:13: warning: method sonatypeRepo in class ResolverFunctions is deprecated (since 1.7.0): Use sonatypeOssRepos instead e.g. `resolvers ++= Resolver.sonatypeOssRepos("snapshots")`[0m
2023.04.16 01:44:39 ERROR   Resolver.sonatypeRepo("releases")[0m
2023.04.16 01:44:39 ERROR            ^[0m
2023.04.16 01:44:39 INFO  [info] loading settings for project riscv-core from build.sbt ...[0m
2023.04.16 01:44:39 INFO  [info] set current project to riscv-core (in build file:/home/allam/RISCV-Core/)[0m
2023.04.16 01:44:46 INFO  [success] Generated .bloop/riscv-core.json[0m
2023.04.16 01:44:46 INFO  [success] Generated .bloop/riscv-core-test.json[0m
2023.04.16 01:44:46 INFO  [success] Total time: 7 s, completed Apr 16, 2023, 1:44:46 AM[0m
2023.04.16 01:44:47 INFO  time: ran 'sbt bloopInstall' in 27s[0m
2023.04.16 01:44:47 INFO  Attempting to connect to the build server...[0m
2023.04.16 01:44:47 INFO  Setting up current java home /usr/lib/jvm/java-11-openjdk-amd64 in /home/allam/.bloop/bloop.json[0m
2023.04.16 01:44:56 INFO  tracing is disabled for protocol BSP, to enable tracing of incoming and outgoing JSON messages create an empty file at /home/allam/RISCV-Core/.metals/bsp.trace.json or /home/allam/.cache/metals/bsp.trace.json[0m
2023.04.16 01:44:58 INFO  Attempting to connect to the build server...[0m
2023.04.16 01:44:58 INFO  Bloop uses /usr/lib/jvm/java-11-openjdk-amd64 defined at /home/allam/.bloop/bloop.json[0m
2023.04.16 01:44:58 INFO  tracing is disabled for protocol BSP, to enable tracing of incoming and outgoing JSON messages create an empty file at /home/allam/RISCV-Core/project/.metals/bsp.trace.json or /home/allam/.cache/metals/bsp.trace.json[0m
2023.04.16 01:45:00 INFO  time: Connected to build server in 13s[0m
2023.04.16 01:45:00 INFO  Connected to Build server: Bloop v1.5.6[0m
2023.04.16 01:45:00 INFO  time: Imported build in 0.14s[0m
2023.04.16 01:45:05 WARN  Could not find java sources in /usr/lib/jvm/src.zip, /usr/lib/jvm/lib/src.zip, /usr/lib/jvm/java-11-openjdk-amd64/src.zip, /usr/lib/jvm/java-11-openjdk-amd64/lib/src.zip. Java symbols will not be available.[0m
2023.04.16 01:45:07 WARN  Could not find java sources in /usr/lib/jvm/src.zip, /usr/lib/jvm/lib/src.zip, /usr/lib/jvm/java-11-openjdk-amd64/src.zip, /usr/lib/jvm/java-11-openjdk-amd64/lib/src.zip. Java symbols will not be available.[0m
2023.04.16 01:45:07 WARN  Could not find java sources in /usr/lib/jvm/src.zip, /usr/lib/jvm/lib/src.zip, /usr/lib/jvm/java-11-openjdk-amd64/src.zip, /usr/lib/jvm/java-11-openjdk-amd64/lib/src.zip. Java symbols will not be available.[0m
2023.04.16 01:45:07 INFO  time: indexed workspace in 6.4s[0m
Apr 16, 2023 1:54:43 AM org.eclipse.lsp4j.jsonrpc.services.GenericEndpoint notify
INFO: Unsupported notification method: $/setTrace
2023.04.16 02:22:17 INFO  compiling riscv-core (20 scala sources)[0m
2023.04.16 02:22:27 INFO  time: compiled riscv-core in 10s[0m
2023.04.16 02:22:27 INFO  compiling riscv-core (20 scala sources)[0m
2023.04.16 02:22:28 INFO  time: compiled riscv-core in 1.18s[0m
2023.04.16 02:22:34 INFO  compiling riscv-core (20 scala sources)[0m
2023.04.16 02:22:34 INFO  time: compiled riscv-core in 0.69s[0m
2023.04.16 02:24:01 INFO  compiling riscv-core (20 scala sources)[0m
2023.04.16 02:24:01 INFO  time: compiled riscv-core in 0.38s[0m
2023.04.16 02:24:07 INFO  compiling riscv-core (20 scala sources)[0m
2023.04.16 02:24:07 INFO  time: compiled riscv-core in 0.36s[0m
2023.04.16 02:24:40 INFO  compiling riscv-core (20 scala sources)[0m
2023.04.16 02:24:40 INFO  time: compiled riscv-core in 0.36s[0m
2023.04.16 02:24:44 INFO  compiling riscv-core (20 scala sources)[0m
2023.04.16 02:24:44 INFO  time: compiled riscv-core in 0.33s[0m
2023.04.16 02:24:55 INFO  compiling riscv-core (20 scala sources)[0m
2023.04.16 02:24:55 INFO  time: compiled riscv-core in 0.27s[0m
2023.04.16 02:24:57 INFO  compiling riscv-core (20 scala sources)[0m
2023.04.16 02:24:57 INFO  time: compiled riscv-core in 0.24s[0m
2023.04.16 02:25:05 INFO  compiling riscv-core (20 scala sources)[0m
2023.04.16 02:25:05 INFO  time: compiled riscv-core in 0.25s[0m
2023.04.16 02:25:12 INFO  compiling riscv-core (20 scala sources)[0m
2023.04.16 02:25:12 INFO  time: compiled riscv-core in 0.26s[0m
2023.04.16 02:28:55 INFO  compiling riscv-core (20 scala sources)[0m
2023.04.16 02:28:55 INFO  time: compiled riscv-core in 0.26s[0m
2023.04.16 02:29:31 INFO  compiling riscv-core (20 scala sources)[0m
2023.04.16 02:29:31 INFO  time: compiled riscv-core in 0.22s[0m
2023.04.16 02:30:47 WARN  Using indexes to guess the definition of IDBarrier[0m
2023.04.16 02:30:47 INFO  compiling riscv-core (20 scala sources)[0m
2023.04.16 02:30:47 INFO  time: compiled riscv-core in 0.22s[0m
2023.04.16 02:30:54 INFO  compiling riscv-core (20 scala sources)[0m
2023.04.16 02:30:54 INFO  time: compiled riscv-core in 0.2s[0m
Apr 16, 2023 2:31:29 AM org.eclipse.lsp4j.jsonrpc.services.GenericEndpoint notify
INFO: Unsupported notification method: $/setTrace
2023.04.16 02:31:48 INFO  compiling riscv-core (20 scala sources)[0m
2023.04.16 02:31:48 INFO  time: compiled riscv-core in 0.21s[0m
2023.04.16 02:31:58 INFO  compiling riscv-core (20 scala sources)[0m
2023.04.16 02:31:58 INFO  time: compiled riscv-core in 0.2s[0m
2023.04.16 02:32:15 WARN  Using indexes to guess the definition of top_MC[0m
2023.04.16 02:32:16 WARN  Using indexes to guess the definition of top_MC[0m
2023.04.16 02:32:19 WARN  Using indexes to guess the definition of top_MC[0m
2023.04.16 02:32:19 WARN  Using indexes to guess the definition of testHarness[0m
2023.04.16 02:32:20 WARN  Using indexes to guess the definition of top_MC[0m
2023.04.16 02:32:21 WARN  Using indexes to guess the definition of top_MC[0m
2023.04.16 02:32:22 WARN  Using indexes to guess the definition of top_MC[0m
2023.04.16 02:32:23 WARN  Using indexes to guess the definition of top_MC[0m
2023.04.16 02:32:42 WARN  Using indexes to guess the definition of TestReadouts[0m
2023.04.16 02:32:42 INFO  compiling riscv-core (20 scala sources)[0m
2023.04.16 02:32:42 INFO  time: compiled riscv-core in 0.2s[0m
2023.04.16 02:32:55 WARN  Using indexes to guess the definition of RegisterUpdates[0m
2023.04.16 02:32:55 INFO  compiling riscv-core (20 scala sources)[0m
2023.04.16 02:32:55 INFO  time: compiled riscv-core in 0.21s[0m
2023.04.16 02:32:57 WARN  Using indexes to guess the definition of RegisterUpdates[0m
2023.04.16 02:32:57 INFO  compiling riscv-core (20 scala sources)[0m
2023.04.16 02:32:57 INFO  time: compiled riscv-core in 0.2s[0m
2023.04.16 02:33:11 INFO  compiling riscv-core (20 scala sources)[0m
2023.04.16 02:33:17 INFO  time: compiled riscv-core in 5.78s[0m
2023.04.16 02:34:16 INFO  compiling riscv-core-test (2 scala sources)[0m
2023.04.16 02:34:16 INFO  time: compiled riscv-core-test in 0.38s[0m
2023.04.16 02:36:45 INFO  compiling riscv-core-test (2 scala sources)[0m
2023.04.16 02:36:46 INFO  time: compiled riscv-core-test in 1.65s[0m
2023.04.16 02:42:14 INFO  compiling riscv-core (1 scala source)[0m
2023.04.16 02:42:14 INFO  time: compiled riscv-core in 0.75s[0m
2023.04.16 02:42:18 INFO  compiling riscv-core (1 scala source)[0m
2023.04.16 02:42:18 INFO  time: compiled riscv-core in 0.84s[0m
2023.04.16 02:44:03 INFO  compiling riscv-core (1 scala source)[0m
2023.04.16 02:44:03 INFO  time: compiled riscv-core in 78ms[0m
2023.04.16 02:44:20 INFO  compiling riscv-core (1 scala source)[0m
2023.04.16 02:44:20 INFO  time: compiled riscv-core in 0.42s[0m
2023.04.16 02:46:36 INFO  compiling riscv-core (1 scala source)[0m
2023.04.16 02:46:36 INFO  time: compiled riscv-core in 89ms[0m
2023.04.16 02:46:50 INFO  compiling riscv-core (1 scala source)[0m
2023.04.16 02:46:50 INFO  time: compiled riscv-core in 0.49s[0m
2023.04.16 02:46:50 INFO  compiling riscv-core (1 scala source)[0m
2023.04.16 02:46:51 INFO  time: compiled riscv-core in 0.57s[0m
2023.04.16 02:48:32 INFO  compiling riscv-core (1 scala source)[0m
2023.04.16 02:48:32 INFO  time: compiled riscv-core in 0.49s[0m
2023.04.16 02:48:42 INFO  compiling riscv-core (1 scala source)[0m
2023.04.16 02:48:42 INFO  time: compiled riscv-core in 0.48s[0m
2023.04.16 02:49:07 INFO  compiling riscv-core (1 scala source)[0m
2023.04.16 02:49:07 INFO  time: compiled riscv-core in 0.39s[0m
